07-06-2024 20:50:18-log: Cannot access game frame or container.
07-06-2024 20:50:18-debug: asset-db:require-engine-code (1171ms)
07-06-2024 20:50:18-log: meshopt wasm decoder initialized
07-06-2024 20:50:18-log: [box2d]:box2d wasm lib loaded.
07-06-2024 20:50:18-log: [bullet]:bullet wasm lib loaded.
07-06-2024 20:50:18-log: Cocos Creator v3.8.3
07-06-2024 20:50:22-debug: [Assets Memory track]: asset-db-plugin-register: project start:78.03MB, end 175.84MB, increase: 97.81MB
07-06-2024 20:50:22-debug: [Assets Memory track]: asset-db:worker-init: initPlugin start:77.24MB, end 175.86MB, increase: 98.62MB
07-06-2024 20:50:19-debug: [Assets Memory track]: asset-db-plugin-register: programming start:78.14MB, end 79.54MB, increase: 1.40MB
07-06-2024 20:50:18-debug: [Assets Memory track]: asset-db:worker-init: initEngine start:27.33MB, end 77.23MB, increase: 49.90MB
07-06-2024 20:50:22-debug: [Assets Memory track]: asset-db-plugin-register: builder start:79.56MB, end 180.32MB, increase: 100.76MB
07-06-2024 20:50:22-debug: asset-db:worker-init: initPlugin (3166ms)
07-06-2024 20:50:22-debug: [Assets Memory track]: asset-db:worker-init start:27.33MB, end 176.14MB, increase: 148.81MB
07-06-2024 20:50:22-debug: Run asset db hook programming:beforePreStart ...
07-06-2024 20:50:22-debug: Run asset db hook programming:beforePreStart success!
07-06-2024 20:50:22-debug: Run asset db hook engine-extends:beforePreStart ...
07-06-2024 20:50:22-debug: Run asset db hook engine-extends:beforePreStart success!
07-06-2024 20:50:22-debug: asset-db:worker-init (4800ms)
07-06-2024 20:50:22-debug: asset-db-hook-programming-beforePreStart (72ms)
07-06-2024 20:50:22-debug: asset-db-hook-engine-extends-beforePreStart (72ms)
07-06-2024 20:50:22-debug: Preimport db internal success
07-06-2024 20:50:22-debug: Preimport db assets success
07-06-2024 20:50:22-debug: starting packer-driver...
07-06-2024 20:50:22-debug: Run asset db hook programming:afterPreStart ...
07-06-2024 20:50:22-debug: initialize scripting environment...
07-06-2024 20:50:22-debug: Run asset db hook programming:afterPreStart success!
07-06-2024 20:50:22-debug: [Assets Memory track]: asset-db:worker-init: preStart start:176.14MB, end 178.58MB, increase: 2.44MB
07-06-2024 20:50:22-debug: Start up the 'internal' database...
07-06-2024 20:50:22-debug: Run asset db hook engine-extends:afterPreStart success!
07-06-2024 20:50:22-debug: Run asset db hook engine-extends:afterPreStart ...
07-06-2024 20:50:22-debug: Set detail map pack:///resolution-detail-map.json: {}
07-06-2024 20:50:22-debug: asset-db-hook-programming-afterPreStart (487ms)
07-06-2024 20:50:22-debug: asset-db:worker-effect-data-processing (218ms)
07-06-2024 20:50:22-debug: asset-db-hook-engine-extends-afterPreStart (218ms)
07-06-2024 20:50:22-debug: [Assets Memory track]: asset-db:worker-startup-database[internal] start:176.18MB, end 189.05MB, increase: 12.86MB
07-06-2024 20:50:22-debug: Start up the 'assets' database...
07-06-2024 20:50:22-debug: asset-db:worker-startup-database[internal] (644ms)
07-06-2024 20:50:22-debug: [Assets Memory track]: asset-db:worker-startup-database[assets] start:178.01MB, end 189.44MB, increase: 11.43MB
07-06-2024 20:50:22-debug: lazy register asset handler text
07-06-2024 20:50:22-debug: lazy register asset handler json
07-06-2024 20:50:22-debug: lazy register asset handler spine-data
07-06-2024 20:50:22-debug: lazy register asset handler *
07-06-2024 20:50:22-debug: lazy register asset handler dragonbones-atlas
07-06-2024 20:50:22-debug: lazy register asset handler terrain
07-06-2024 20:50:22-debug: [Assets Memory track]: asset-db:worker-init: startup start:178.58MB, end 189.44MB, increase: 10.86MB
07-06-2024 20:50:22-debug: lazy register asset handler typescript
07-06-2024 20:50:22-debug: lazy register asset handler scene
07-06-2024 20:50:22-debug: lazy register asset handler prefab
07-06-2024 20:50:22-debug: lazy register asset handler javascript
07-06-2024 20:50:22-debug: lazy register asset handler tiled-map
07-06-2024 20:50:22-debug: lazy register asset handler buffer
07-06-2024 20:50:22-debug: lazy register asset handler image
07-06-2024 20:50:22-debug: lazy register asset handler sign-image
07-06-2024 20:50:22-debug: lazy register asset handler dragonbones
07-06-2024 20:50:22-debug: lazy register asset handler texture
07-06-2024 20:50:22-debug: lazy register asset handler alpha-image
07-06-2024 20:50:22-debug: lazy register asset handler texture-cube
07-06-2024 20:50:22-debug: lazy register asset handler render-texture
07-06-2024 20:50:22-debug: lazy register asset handler directory
07-06-2024 20:50:22-debug: lazy register asset handler sprite-frame
07-06-2024 20:50:22-debug: lazy register asset handler rt-sprite-frame
07-06-2024 20:50:22-debug: lazy register asset handler erp-texture-cube
07-06-2024 20:50:22-debug: lazy register asset handler texture-cube-face
07-06-2024 20:50:22-debug: lazy register asset handler gltf-mesh
07-06-2024 20:50:22-debug: lazy register asset handler gltf
07-06-2024 20:50:22-debug: lazy register asset handler gltf-scene
07-06-2024 20:50:22-debug: lazy register asset handler gltf-embeded-image
07-06-2024 20:50:22-debug: lazy register asset handler gltf-skeleton
07-06-2024 20:50:22-debug: lazy register asset handler fbx
07-06-2024 20:50:22-debug: lazy register asset handler physics-material
07-06-2024 20:50:22-debug: lazy register asset handler gltf-material
07-06-2024 20:50:22-debug: lazy register asset handler effect
07-06-2024 20:50:22-debug: lazy register asset handler gltf-animation
07-06-2024 20:50:22-debug: lazy register asset handler animation-clip
07-06-2024 20:50:22-debug: lazy register asset handler animation-graph
07-06-2024 20:50:22-debug: lazy register asset handler animation-graph-variant
07-06-2024 20:50:22-debug: lazy register asset handler animation-mask
07-06-2024 20:50:22-debug: lazy register asset handler ttf-font
07-06-2024 20:50:22-debug: lazy register asset handler bitmap-font
07-06-2024 20:50:22-debug: lazy register asset handler particle
07-06-2024 20:50:22-debug: lazy register asset handler sprite-atlas
07-06-2024 20:50:22-debug: lazy register asset handler auto-atlas
07-06-2024 20:50:22-debug: lazy register asset handler label-atlas
07-06-2024 20:50:22-debug: lazy register asset handler render-pipeline
07-06-2024 20:50:22-debug: lazy register asset handler render-stage
07-06-2024 20:50:22-debug: lazy register asset handler render-flow
07-06-2024 20:50:22-debug: lazy register asset handler instantiation-material
07-06-2024 20:50:22-debug: lazy register asset handler instantiation-mesh
07-06-2024 20:50:22-debug: lazy register asset handler instantiation-skeleton
07-06-2024 20:50:22-debug: lazy register asset handler instantiation-animation
07-06-2024 20:50:22-debug: lazy register asset handler video-clip
07-06-2024 20:50:22-debug: lazy register asset handler material
07-06-2024 20:50:22-debug: lazy register asset handler effect-header
07-06-2024 20:50:22-debug: lazy register asset handler audio-clip
07-06-2024 20:50:22-debug: asset-db:worker-startup-database[assets] (571ms)
07-06-2024 20:50:22-debug: asset-db:start-database (677ms)
07-06-2024 20:50:22-debug: asset-db:ready (8260ms)
07-06-2024 20:50:22-debug: init worker message success
07-06-2024 20:50:22-debug: programming:execute-script (4ms)
07-06-2024 20:50:23-debug: [Build Memory track]: builder:worker-init start:187.86MB, end 200.02MB, increase: 12.15MB
07-06-2024 20:50:23-debug: builder:worker-init (392ms)
07-06-2024 20:50:38-debug: Query all assets info in project
07-06-2024 20:50:38-debug: init custom config: keepNodeUuid: false, useCache: true
07-06-2024 20:50:38-debug: Query asset bundle start, progress: 0%
07-06-2024 20:50:38-debug: // ---- build task Query asset bundle ----
07-06-2024 20:50:38-debug: Query preload assets from cc.config.json: 60f7195c-ec2a-45eb-ba94-8955f60e81d0,1c02ae6f-4492-4915-b8f8-7492a3b1e4cd,810e96e4-e456-4468-9b59-f4e8f39732c0,efe8e2a3-eace-427b-b4f1-cb8a937ec77d,e9aa9a3e-5b2b-4ac7-a2c7-073de2b2b24f,8bbdbcdd-5cd4-4100-b6d5-b7c9625b6107,50f4348b-c883-4e2f-8f11-ce233b859fa1,fda095cb-831d-4601-ad94-846013963de8,f92806d7-1768-443f-afe8-12bcde84d0f0,dd3a144d-ab7f-41f0-82b8-2e43a090d496,f0416e68-0200-4b77-a926-4f9d16e494da,970b0598-bcb0-4714-91fb-2e81440dccd8,bcd64cc6-2dd9-43f6-abbe-66318d332032,d930590d-bb92-4cc8-8bd1-23cd027f9edf,a3cd009f-0ab0-420d-9278-b9fdab939bbc,c27215d8-6835-4b68-bfbb-bdeac6100c04,b5d6115f-0370-4d7c-aad3-c194cc71cf98,871c3b6c-7379-419d-bda3-794b239ab90d
07-06-2024 20:50:38-debug:   Number of all scenes: 2
07-06-2024 20:50:38-debug:   Number of all scripts: 4
07-06-2024 20:50:38-debug:   Number of other assets: 343
07-06-2024 20:50:38-debug: // ---- build task Query asset bundle ---- (22ms)
07-06-2024 20:50:38-debug: run build task Query asset bundle success in 22 ms√, progress: 5%
07-06-2024 20:50:38-debug: [Build Memory track]: Query asset bundle start:205.00MB, end 198.95MB, increase: -6198.46KB
07-06-2024 20:50:38-debug: Query asset bundle start, progress: 5%
07-06-2024 20:50:38-debug: // ---- build task Query asset bundle ----
07-06-2024 20:50:38-debug: // ---- build task Query asset bundle ---- (6ms)
07-06-2024 20:50:38-debug: Sort some build options to settings.json start, progress: 10%
07-06-2024 20:50:38-debug: // ---- build task Sort some build options to settings.json ----
07-06-2024 20:50:38-debug: run build task Query asset bundle success in 6 ms√, progress: 10%
07-06-2024 20:50:38-debug: [Build Memory track]: Query asset bundle start:198.95MB, end 199.03MB, increase: 73.38KB
07-06-2024 20:50:38-debug: // ---- build task Sort some build options to settings.json ---- (2ms)
07-06-2024 20:50:38-debug: run build task Sort some build options to settings.json success in 2 ms√, progress: 12%
07-06-2024 20:50:38-debug: [Build Memory track]: Sort some build options to settings.json start:199.04MB, end 199.05MB, increase: 13.73KB
07-06-2024 20:50:38-debug: // ---- build task Fill script data to settings ----
07-06-2024 20:50:38-debug: Fill script data to settings start, progress: 12%
07-06-2024 20:50:38-debug: run build task Fill script data to settings success in 1 ms√, progress: 13%
07-06-2024 20:50:38-debug: [Build Memory track]: Fill script data to settings start:199.06MB, end 198.40MB, increase: -677.93KB
07-06-2024 20:50:38-debug: Sort some build options to settings.json start, progress: 13%
07-06-2024 20:50:38-debug: // ---- build task Fill script data to settings ---- (1ms)
07-06-2024 20:50:38-debug: // ---- build task Sort some build options to settings.json ----
07-06-2024 20:50:38-debug: // ---- build task Sort some build options to settings.json ---- (22ms)
07-06-2024 20:50:38-debug: run build task Sort some build options to settings.json success in 22 ms√, progress: 15%
07-06-2024 20:50:38-debug: [Build Memory track]: Sort some build options to settings.json start:198.40MB, end 198.52MB, increase: 119.09KB
07-06-2024 20:53:26-debug: refresh db internal success
07-06-2024 20:53:26-debug: refresh db assets success
07-06-2024 20:53:26-debug: Run asset db hook engine-extends:afterRefresh ...
07-06-2024 20:53:26-debug: Run asset db hook engine-extends:afterRefresh success!
07-06-2024 20:53:26-debug: asset-db:refresh-all-database (62ms)
07-06-2024 20:53:26-debug: asset-db-hook-engine-extends-afterRefresh (1ms)
07-06-2024 20:53:57-debug: refresh db internal success
07-06-2024 20:53:57-debug: refresh db assets success
07-06-2024 20:53:57-debug: Run asset db hook engine-extends:afterRefresh ...
07-06-2024 20:53:57-debug: Run asset db hook engine-extends:afterRefresh success!
07-06-2024 20:53:57-debug: asset-db:refresh-all-database (42ms)
07-06-2024 20:54:20-debug: Query all assets info in project
07-06-2024 20:54:20-debug: init custom config: keepNodeUuid: false, useCache: true
07-06-2024 20:54:20-debug: Query asset bundle start, progress: 0%
07-06-2024 20:54:20-debug: // ---- build task Query asset bundle ----
07-06-2024 20:54:20-debug: Query preload assets from cc.config.json: 60f7195c-ec2a-45eb-ba94-8955f60e81d0,1c02ae6f-4492-4915-b8f8-7492a3b1e4cd,810e96e4-e456-4468-9b59-f4e8f39732c0,efe8e2a3-eace-427b-b4f1-cb8a937ec77d,e9aa9a3e-5b2b-4ac7-a2c7-073de2b2b24f,8bbdbcdd-5cd4-4100-b6d5-b7c9625b6107,50f4348b-c883-4e2f-8f11-ce233b859fa1,fda095cb-831d-4601-ad94-846013963de8,f92806d7-1768-443f-afe8-12bcde84d0f0,dd3a144d-ab7f-41f0-82b8-2e43a090d496,f0416e68-0200-4b77-a926-4f9d16e494da,970b0598-bcb0-4714-91fb-2e81440dccd8,bcd64cc6-2dd9-43f6-abbe-66318d332032,d930590d-bb92-4cc8-8bd1-23cd027f9edf,a3cd009f-0ab0-420d-9278-b9fdab939bbc,c27215d8-6835-4b68-bfbb-bdeac6100c04,b5d6115f-0370-4d7c-aad3-c194cc71cf98,871c3b6c-7379-419d-bda3-794b239ab90d
07-06-2024 20:54:20-debug:   Number of all scenes: 2
07-06-2024 20:54:20-debug:   Number of all scripts: 4
07-06-2024 20:54:20-debug:   Number of other assets: 343
07-06-2024 20:54:20-debug: // ---- build task Query asset bundle ---- (6ms)
07-06-2024 20:54:20-debug: Query asset bundle start, progress: 5%
07-06-2024 20:54:20-debug: run build task Query asset bundle success in 6 ms√, progress: 5%
07-06-2024 20:54:20-debug: // ---- build task Query asset bundle ----
07-06-2024 20:54:20-debug: [Build Memory track]: Query asset bundle start:168.68MB, end 168.56MB, increase: -124.72KB
07-06-2024 20:54:20-debug: // ---- build task Query asset bundle ---- (3ms)
07-06-2024 20:54:20-debug: // ---- build task Sort some build options to settings.json ----
07-06-2024 20:54:20-debug: run build task Query asset bundle success in 3 ms√, progress: 10%
07-06-2024 20:54:20-debug: [Build Memory track]: Query asset bundle start:168.57MB, end 168.66MB, increase: 88.52KB
07-06-2024 20:54:20-debug: Sort some build options to settings.json start, progress: 10%
07-06-2024 20:54:20-debug: run build task Sort some build options to settings.json success in √, progress: 12%
07-06-2024 20:54:20-debug: [Build Memory track]: Sort some build options to settings.json start:168.67MB, end 168.68MB, increase: 15.10KB
07-06-2024 20:54:20-debug: Fill script data to settings start, progress: 12%
07-06-2024 20:54:20-debug: // ---- build task Fill script data to settings ----
07-06-2024 20:54:20-debug: run build task Fill script data to settings success in √, progress: 13%
07-06-2024 20:54:20-debug: [Build Memory track]: Fill script data to settings start:168.69MB, end 168.70MB, increase: 10.64KB
07-06-2024 20:54:20-debug: Sort some build options to settings.json start, progress: 13%
07-06-2024 20:54:20-debug: // ---- build task Sort some build options to settings.json ----
07-06-2024 20:54:20-debug: // ---- build task Sort some build options to settings.json ---- (6ms)
07-06-2024 20:54:20-debug: run build task Sort some build options to settings.json success in 6 ms√, progress: 15%
07-06-2024 20:54:20-debug: [Build Memory track]: Sort some build options to settings.json start:168.71MB, end 168.84MB, increase: 135.64KB
07-06-2024 20:54:36-debug: refresh db internal success
07-06-2024 20:54:36-debug: refresh db assets success
07-06-2024 20:54:36-debug: Run asset db hook engine-extends:afterRefresh ...
07-06-2024 20:54:36-debug: Run asset db hook engine-extends:afterRefresh success!
07-06-2024 20:54:36-debug: asset-db:refresh-all-database (64ms)
07-06-2024 20:54:38-debug: refresh db internal success
07-06-2024 20:54:38-debug: refresh db assets success
07-06-2024 20:54:38-debug: Run asset db hook engine-extends:afterRefresh ...
07-06-2024 20:54:38-debug: Run asset db hook engine-extends:afterRefresh success!
07-06-2024 20:54:38-debug: asset-db:refresh-all-database (45ms)
07-06-2024 20:54:38-debug: asset-db:worker-effect-data-processing (1ms)
07-06-2024 20:54:38-debug: asset-db-hook-engine-extends-afterRefresh (1ms)
