07-06-2024 17:37:58-log: Cannot access game frame or container.
07-06-2024 17:37:58-debug: asset-db:require-engine-code (1794ms)
07-06-2024 17:37:59-log: meshopt wasm decoder initialized
07-06-2024 17:37:59-log: [box2d]:box2d wasm lib loaded.
07-06-2024 17:37:59-log: [bullet]:bullet wasm lib loaded.
07-06-2024 17:37:59-log: Cocos Creator v3.8.3
07-06-2024 17:37:59-debug: [Assets Memory track]: asset-db:worker-init: initEngine start:28.59MB, end 77.24MB, increase: 48.65MB
07-06-2024 17:38:05-debug: [Assets Memory track]: asset-db-plugin-register: project start:78.04MB, end 170.56MB, increase: 92.51MB
07-06-2024 17:38:05-debug: [Assets Memory track]: asset-db:worker-init: initPlugin start:77.25MB, end 170.57MB, increase: 93.33MB
07-06-2024 17:38:05-debug: [Assets Memory track]: asset-db-plugin-register: engine-extends start:167.81MB, end 170.49MB, increase: 2.68MB
07-06-2024 17:37:59-debug: [Assets Memory track]: asset-db-plugin-register: programming start:78.16MB, end 79.47MB, increase: 1.31MB
07-06-2024 17:38:05-debug: [Assets Memory track]: asset-db-plugin-register: builder start:79.49MB, end 167.63MB, increase: 88.14MB
07-06-2024 17:38:05-debug: asset-db:worker-init: initPlugin (5971ms)
07-06-2024 17:38:05-debug: [Assets Memory track]: asset-db:worker-init start:28.58MB, end 170.69MB, increase: 142.11MB
07-06-2024 17:38:05-debug: Run asset db hook engine-extends:beforePreStart success!
07-06-2024 17:38:05-debug: Run asset db hook programming:beforePreStart success!
07-06-2024 17:38:05-debug: Run asset db hook engine-extends:beforePreStart ...
07-06-2024 17:38:05-debug: Run asset db hook programming:beforePreStart ...
07-06-2024 17:38:05-debug: asset-db:worker-init (8534ms)
07-06-2024 17:38:05-debug: asset-db-hook-programming-beforePreStart (97ms)
07-06-2024 17:38:05-debug: asset-db-hook-engine-extends-beforePreStart (97ms)
07-06-2024 17:38:05-debug: Preimport db internal success
07-06-2024 17:38:05-debug: Preimport db assets success
07-06-2024 17:38:05-debug: Run asset db hook programming:afterPreStart ...
07-06-2024 17:38:05-debug: starting packer-driver...
07-06-2024 17:38:06-debug: initialize scripting environment...
07-06-2024 17:38:06-debug: Set detail map pack:///resolution-detail-map.json: {}
07-06-2024 17:38:06-debug: Run asset db hook engine-extends:afterPreStart ...
07-06-2024 17:38:06-debug: [Assets Memory track]: asset-db:worker-init: preStart start:170.69MB, end 172.95MB, increase: 2.26MB
07-06-2024 17:38:06-debug: Run asset db hook programming:afterPreStart success!
07-06-2024 17:38:06-debug: Run asset db hook engine-extends:afterPreStart success!
07-06-2024 17:38:06-debug: Start up the 'internal' database...
07-06-2024 17:38:06-debug: asset-db-hook-programming-afterPreStart (952ms)
07-06-2024 17:38:06-debug: asset-db:worker-effect-data-processing (445ms)
07-06-2024 17:38:06-debug: asset-db-hook-engine-extends-afterPreStart (445ms)
07-06-2024 17:38:06-debug: [Assets Memory track]: asset-db:worker-startup-database[internal] start:170.73MB, end 183.06MB, increase: 12.33MB
07-06-2024 17:38:06-debug: Start up the 'assets' database...
07-06-2024 17:38:06-debug: asset-db:worker-startup-database[internal] (1170ms)
07-06-2024 17:38:06-debug: %cImport%c: /Users/vladislavkvinto/StickMan/assets/scenes/MainScene.scenebackground: #aaff85; color: #000;color: #000;
07-06-2024 17:38:06-debug: [Assets Memory track]: asset-db:worker-startup-database[assets] start:172.40MB, end 183.61MB, increase: 11.22MB
07-06-2024 17:38:06-debug: lazy register asset handler *
07-06-2024 17:38:06-debug: lazy register asset handler directory
07-06-2024 17:38:06-debug: lazy register asset handler spine-data
07-06-2024 17:38:06-debug: lazy register asset handler dragonbones
07-06-2024 17:38:06-debug: lazy register asset handler dragonbones-atlas
07-06-2024 17:38:06-debug: lazy register asset handler terrain
07-06-2024 17:38:06-debug: lazy register asset handler javascript
07-06-2024 17:38:06-debug: lazy register asset handler typescript
07-06-2024 17:38:06-debug: lazy register asset handler scene
07-06-2024 17:38:06-debug: lazy register asset handler prefab
07-06-2024 17:38:06-debug: lazy register asset handler sprite-frame
07-06-2024 17:38:06-debug: lazy register asset handler tiled-map
07-06-2024 17:38:06-debug: lazy register asset handler buffer
07-06-2024 17:38:06-debug: lazy register asset handler image
07-06-2024 17:38:06-debug: [Assets Memory track]: asset-db:worker-init: startup start:172.95MB, end 183.62MB, increase: 10.66MB
07-06-2024 17:38:06-debug: lazy register asset handler alpha-image
07-06-2024 17:38:06-debug: lazy register asset handler texture
07-06-2024 17:38:06-debug: lazy register asset handler texture-cube
07-06-2024 17:38:06-debug: lazy register asset handler text
07-06-2024 17:38:06-debug: lazy register asset handler render-texture
07-06-2024 17:38:06-debug: lazy register asset handler texture-cube-face
07-06-2024 17:38:06-debug: lazy register asset handler rt-sprite-frame
07-06-2024 17:38:06-debug: lazy register asset handler sign-image
07-06-2024 17:38:06-debug: lazy register asset handler gltf-mesh
07-06-2024 17:38:06-debug: lazy register asset handler gltf-animation
07-06-2024 17:38:06-debug: lazy register asset handler gltf-skeleton
07-06-2024 17:38:06-debug: lazy register asset handler gltf-material
07-06-2024 17:38:06-debug: lazy register asset handler gltf-scene
07-06-2024 17:38:06-debug: lazy register asset handler gltf-embeded-image
07-06-2024 17:38:06-debug: lazy register asset handler fbx
07-06-2024 17:38:06-debug: lazy register asset handler material
07-06-2024 17:38:06-debug: lazy register asset handler physics-material
07-06-2024 17:38:06-debug: lazy register asset handler effect
07-06-2024 17:38:06-debug: lazy register asset handler effect-header
07-06-2024 17:38:06-debug: lazy register asset handler audio-clip
07-06-2024 17:38:06-debug: lazy register asset handler animation-clip
07-06-2024 17:38:06-debug: lazy register asset handler animation-graph
07-06-2024 17:38:06-debug: lazy register asset handler animation-graph-variant
07-06-2024 17:38:06-debug: lazy register asset handler animation-mask
07-06-2024 17:38:06-debug: lazy register asset handler ttf-font
07-06-2024 17:38:06-debug: lazy register asset handler gltf
07-06-2024 17:38:06-debug: lazy register asset handler particle
07-06-2024 17:38:06-debug: lazy register asset handler sprite-atlas
07-06-2024 17:38:06-debug: lazy register asset handler auto-atlas
07-06-2024 17:38:06-debug: lazy register asset handler label-atlas
07-06-2024 17:38:06-debug: lazy register asset handler render-pipeline
07-06-2024 17:38:06-debug: lazy register asset handler render-stage
07-06-2024 17:38:06-debug: lazy register asset handler render-flow
07-06-2024 17:38:06-debug: lazy register asset handler instantiation-material
07-06-2024 17:38:06-debug: lazy register asset handler instantiation-mesh
07-06-2024 17:38:06-debug: lazy register asset handler instantiation-skeleton
07-06-2024 17:38:06-debug: lazy register asset handler instantiation-animation
07-06-2024 17:38:06-debug: lazy register asset handler video-clip
07-06-2024 17:38:06-debug: lazy register asset handler erp-texture-cube
07-06-2024 17:38:06-debug: lazy register asset handler bitmap-font
07-06-2024 17:38:06-debug: lazy register asset handler json
07-06-2024 17:38:06-debug: asset-db:worker-startup-database[assets] (1087ms)
07-06-2024 17:38:06-debug: asset-db:start-database (1225ms)
07-06-2024 17:38:06-debug: asset-db:ready (14452ms)
07-06-2024 17:38:06-debug: init worker message success
07-06-2024 17:38:06-debug: programming:execute-script (7ms)
07-06-2024 17:38:08-debug: [Build Memory track]: builder:worker-init start:181.61MB, end 193.65MB, increase: 12.04MB
07-06-2024 17:38:08-debug: builder:worker-init (1180ms)
07-06-2024 17:38:24-debug: Query all assets info in project
07-06-2024 17:38:24-debug: init custom config: keepNodeUuid: false, useCache: true
07-06-2024 17:38:24-debug: Query asset bundle start, progress: 0%
07-06-2024 17:38:24-debug: // ---- build task Query asset bundle ----
07-06-2024 17:38:24-debug: Query preload assets from cc.config.json: 60f7195c-ec2a-45eb-ba94-8955f60e81d0,1c02ae6f-4492-4915-b8f8-7492a3b1e4cd,810e96e4-e456-4468-9b59-f4e8f39732c0,efe8e2a3-eace-427b-b4f1-cb8a937ec77d,e9aa9a3e-5b2b-4ac7-a2c7-073de2b2b24f,8bbdbcdd-5cd4-4100-b6d5-b7c9625b6107,50f4348b-c883-4e2f-8f11-ce233b859fa1,fda095cb-831d-4601-ad94-846013963de8,f92806d7-1768-443f-afe8-12bcde84d0f0,dd3a144d-ab7f-41f0-82b8-2e43a090d496,f0416e68-0200-4b77-a926-4f9d16e494da,970b0598-bcb0-4714-91fb-2e81440dccd8,bcd64cc6-2dd9-43f6-abbe-66318d332032,d930590d-bb92-4cc8-8bd1-23cd027f9edf,a3cd009f-0ab0-420d-9278-b9fdab939bbc,c27215d8-6835-4b68-bfbb-bdeac6100c04,b5d6115f-0370-4d7c-aad3-c194cc71cf98,871c3b6c-7379-419d-bda3-794b239ab90d
07-06-2024 17:38:24-debug:   Number of all scenes: 2
07-06-2024 17:38:24-debug:   Number of all scripts: 4
07-06-2024 17:38:24-debug:   Number of other assets: 343
07-06-2024 17:38:24-debug: // ---- build task Query asset bundle ---- (25ms)
07-06-2024 17:38:24-debug: // ---- build task Query asset bundle ----
07-06-2024 17:38:24-debug: run build task Query asset bundle success in 25 ms√, progress: 5%
07-06-2024 17:38:24-debug: Query asset bundle start, progress: 5%
07-06-2024 17:38:24-debug: [Build Memory track]: Query asset bundle start:192.71MB, end 192.44MB, increase: -268.58KB
07-06-2024 17:38:24-debug: // ---- build task Query asset bundle ---- (2ms)
07-06-2024 17:38:24-debug: Sort some build options to settings.json start, progress: 10%
07-06-2024 17:38:24-debug: [Build Memory track]: Query asset bundle start:192.45MB, end 192.52MB, increase: 73.02KB
07-06-2024 17:38:24-debug: run build task Query asset bundle success in 2 ms√, progress: 10%
07-06-2024 17:38:24-debug: // ---- build task Sort some build options to settings.json ----
07-06-2024 17:38:24-debug: // ---- build task Sort some build options to settings.json ---- (1ms)
07-06-2024 17:38:24-debug: // ---- build task Fill script data to settings ----
07-06-2024 17:38:24-debug: run build task Sort some build options to settings.json success in 1 ms√, progress: 12%
07-06-2024 17:38:24-debug: Fill script data to settings start, progress: 12%
07-06-2024 17:38:24-debug: [Build Memory track]: Sort some build options to settings.json start:192.53MB, end 192.55MB, increase: 13.73KB
07-06-2024 17:38:24-debug: run build task Fill script data to settings success in √, progress: 13%
07-06-2024 17:38:24-debug: // ---- build task Sort some build options to settings.json ----
07-06-2024 17:38:24-debug: Sort some build options to settings.json start, progress: 13%
07-06-2024 17:38:24-debug: [Build Memory track]: Fill script data to settings start:192.55MB, end 192.56MB, increase: 10.77KB
07-06-2024 17:38:24-debug: // ---- build task Sort some build options to settings.json ---- (4ms)
07-06-2024 17:38:24-debug: run build task Sort some build options to settings.json success in 4 ms√, progress: 15%
07-06-2024 17:38:24-debug: [Build Memory track]: Sort some build options to settings.json start:192.57MB, end 192.69MB, increase: 117.30KB
07-06-2024 17:47:46-debug: refresh db internal success
07-06-2024 17:47:46-debug: refresh db assets success
07-06-2024 17:47:46-debug: Run asset db hook engine-extends:afterRefresh ...
07-06-2024 17:47:46-debug: Run asset db hook engine-extends:afterRefresh success!
07-06-2024 17:47:46-debug: asset-db:refresh-all-database (101ms)
07-06-2024 17:47:46-debug: asset-db:worker-effect-data-processing (2ms)
07-06-2024 17:47:46-debug: asset-db-hook-engine-extends-afterRefresh (2ms)
07-06-2024 17:48:15-debug: refresh db internal success
07-06-2024 17:48:15-debug: refresh db assets success
07-06-2024 17:48:15-debug: Run asset db hook engine-extends:afterRefresh ...
07-06-2024 17:48:15-debug: Run asset db hook engine-extends:afterRefresh success!
07-06-2024 17:48:15-debug: asset-db:refresh-all-database (108ms)
07-06-2024 17:48:15-debug: asset-db:worker-effect-data-processing (1ms)
07-06-2024 17:48:15-debug: asset-db-hook-engine-extends-afterRefresh (2ms)
07-06-2024 17:50:36-debug: refresh db internal success
07-06-2024 17:50:36-debug: refresh db assets success
07-06-2024 17:50:36-debug: Run asset db hook engine-extends:afterRefresh ...
07-06-2024 17:50:36-debug: Run asset db hook engine-extends:afterRefresh success!
07-06-2024 17:50:36-debug: asset-db:refresh-all-database (104ms)
07-06-2024 17:50:36-debug: asset-db:worker-effect-data-processing (2ms)
07-06-2024 17:50:36-debug: asset-db-hook-engine-extends-afterRefresh (3ms)
07-06-2024 17:53:11-debug: refresh db internal success
07-06-2024 17:53:11-debug: refresh db assets success
07-06-2024 17:53:11-debug: Run asset db hook engine-extends:afterRefresh ...
07-06-2024 17:53:11-debug: Run asset db hook engine-extends:afterRefresh success!
07-06-2024 17:53:11-debug: asset-db:refresh-all-database (87ms)
07-06-2024 17:53:11-debug: asset-db:worker-effect-data-processing (1ms)
07-06-2024 17:53:11-debug: asset-db-hook-engine-extends-afterRefresh (2ms)
07-06-2024 17:53:34-debug: refresh db internal success
07-06-2024 17:53:34-debug: refresh db assets success
07-06-2024 17:53:34-debug: Run asset db hook engine-extends:afterRefresh success!
07-06-2024 17:53:34-debug: Run asset db hook engine-extends:afterRefresh ...
07-06-2024 17:53:34-debug: asset-db:refresh-all-database (101ms)
07-06-2024 17:53:34-debug: asset-db:worker-effect-data-processing (1ms)
07-06-2024 17:53:34-debug: asset-db-hook-engine-extends-afterRefresh (3ms)
07-06-2024 17:53:42-debug: refresh db internal success
07-06-2024 17:53:42-debug: refresh db assets success
07-06-2024 17:53:42-debug: Run asset db hook engine-extends:afterRefresh ...
07-06-2024 17:53:42-debug: Run asset db hook engine-extends:afterRefresh success!
07-06-2024 17:53:42-debug: asset-db:refresh-all-database (145ms)
07-06-2024 17:53:42-debug: asset-db:worker-effect-data-processing (20ms)
07-06-2024 17:53:42-debug: asset-db-hook-engine-extends-afterRefresh (26ms)
